\BOOKMARK [0][-]{section*.2}{Quantum LDPC Codes}{}% 2
\BOOKMARK [1][-]{section*.1}{Abstract}{section*.2}% 1
\BOOKMARK [1][-]{section*.3}{Introduction}{section*.2}% 3
\BOOKMARK [2][-]{section*.4}{Notation and Conventions}{section*.3}% 4
\BOOKMARK [1][-]{section*.5}{Background}{section*.2}% 5
\BOOKMARK [2][-]{section*.6}{Quantum codes}{section*.5}% 6
\BOOKMARK [3][-]{section*.7}{Stabilizer and CSS codes}{section*.6}% 7
\BOOKMARK [3][-]{section*.8}{Quantum LDPC codes}{section*.6}% 8
\BOOKMARK [2][-]{section*.9}{Perspectives on CSS codes}{section*.5}% 9
\BOOKMARK [3][-]{section*.10}{Chain complexes}{section*.9}% 10
\BOOKMARK [3][-]{section*.11}{Tanner graphs}{section*.9}% 11
\BOOKMARK [3][-]{section*.12}{Manifolds and Cell complexes}{section*.9}% 12
\BOOKMARK [1][-]{section*.13}{Geometrical constructions}{section*.2}% 13
\BOOKMARK [2][-]{section*.14}{Hyperbolic quantum codes}{section*.13}% 14
\BOOKMARK [3][-]{section*.15}{Hyperbolic Surface Codes}{section*.14}% 15
\BOOKMARK [3][-]{section*.16}{Higher-Dimensional Hyperbolic Codes}{section*.14}% 16
\BOOKMARK [2][-]{section*.17}{Freedman\205Meyer\205Luo codes}{section*.13}% 17
\BOOKMARK [2][-]{section*.18}{Haah's code}{section*.13}% 18
\BOOKMARK [2][-]{section*.19}{Bounds on parameters}{section*.13}% 19
\BOOKMARK [1][-]{section*.20}{Product constructions}{section*.2}% 20
\BOOKMARK [2][-]{section*.21}{Tensor/hypergraph products}{section*.20}% 21
\BOOKMARK [2][-]{section*.22}{Fiber Bundles}{section*.20}% 22
\BOOKMARK [2][-]{section*.23}{Lifted Products}{section*.20}% 23
\BOOKMARK [2][-]{section*.24}{Balanced Products}{section*.20}% 24
\BOOKMARK [2][-]{section*.25}{The Possibility of Good Quantum LDPC Codes}{section*.20}% 25
\BOOKMARK [2][-]{section*.26}{XYZ Products}{section*.20}% 26
\BOOKMARK [1][-]{section*.27}{Other Constructions Related to LDPC Codes}{section*.2}% 27
\BOOKMARK [2][-]{section*.28}{Bravyi\205Hastings Codes}{section*.27}% 28
\BOOKMARK [2][-]{section*.29}{Bravyi\205Bacon\205Shor Codes}{section*.27}% 29
\BOOKMARK [2][-]{section*.30}{Subsystem Codes from Quantum Circuits}{section*.27}% 30
\BOOKMARK [2][-]{section*.31}{Approximate Codes from Spacetime Circuit Hamiltonians}{section*.27}% 31
\BOOKMARK [1][-]{section*.32}{Challenges and Opportunities}{section*.2}% 32
\BOOKMARK [2][-]{section*.33}{Reduction in Overhead}{section*.32}% 33
\BOOKMARK [2][-]{section*.34}{Logical Operations}{section*.32}% 34
\BOOKMARK [2][-]{section*.35}{Decoding}{section*.32}% 35
\BOOKMARK [2][-]{section*.36}{Hardware Implementation}{section*.32}% 36
\BOOKMARK [1][-]{section*.37}{Applications outside of QEC}{section*.2}% 37
\BOOKMARK [2][-]{section*.38}{Quantum Complexity Theory}{section*.37}% 38
\BOOKMARK [2][-]{section*.39}{Geometry}{section*.37}% 39
\BOOKMARK [1][-]{section*.40}{Conclusion and Outlook}{section*.2}% 40
\BOOKMARK [1][-]{section*.41}{Appendix}{section*.2}% 41
\BOOKMARK [2][-]{section*.42}{Constructions for chain complexes}{section*.41}% 42
\BOOKMARK [3][-]{section*.43}{Chain complexes}{section*.42}% 43
\BOOKMARK [3][-]{section*.44}{Total Complex of Double Complexes}{section*.42}% 44
\BOOKMARK [3][-]{section*.45}{Tensor product of chain complexes and hypergraph products}{section*.42}% 45
\BOOKMARK [3][-]{section*.46}{Fiber Bundle Codes}{section*.42}% 46
\BOOKMARK [3][-]{section*.47}{Lifted Product Codes}{section*.42}% 47
\BOOKMARK [3][-]{section*.48}{Balanced Product Codes}{section*.42}% 48
\BOOKMARK [3][-]{section*.49}{Relation of Fiber Bundle and Balanced Product Codes}{section*.42}% 49
\BOOKMARK [1][-]{section*.50}{References}{section*.2}% 50
