\BOOKMARK [1][-]{section.1}{1 Introduction}{}% 1
\BOOKMARK [1][-]{section.2}{2 Preliminaries: Continuous Normalizing Flows}{}% 2
\BOOKMARK [1][-]{section.3}{3 Flow Matching}{}% 3
\BOOKMARK [2][-]{subsection.3.1}{3.1 Constructing pt,ut from conditional probability paths and vector fields}{section.3}% 4
\BOOKMARK [2][-]{subsection.3.2}{3.2 Conditional Flow Matching}{section.3}% 5
\BOOKMARK [1][-]{section.4}{4 Conditional Probability Paths and Vector Fields}{}% 6
\BOOKMARK [2][-]{subsection.4.1}{4.1 Special instances of Gaussian conditional probability paths}{section.4}% 7
\BOOKMARK [1][-]{section.5}{5 Related Work}{}% 8
\BOOKMARK [1][-]{section.6}{6 Experiments}{}% 9
\BOOKMARK [2][-]{subsection.6.1}{6.1 Density Modeling and Sample Quality on ImageNet}{section.6}% 10
\BOOKMARK [2][-]{subsection.6.2}{6.2 Sampling Efficiency}{section.6}% 11
\BOOKMARK [2][-]{subsection.6.3}{6.3 Conditional sampling from low-resolution images}{section.6}% 12
\BOOKMARK [1][-]{section.7}{7 Conclusion}{}% 13
\BOOKMARK [1][-]{section.8}{8 Social responsibility}{}% 14
\BOOKMARK [1][-]{appendix.A}{A Theorem Proofs}{}% 15
\BOOKMARK [1][-]{appendix.B}{B The continuity equation}{}% 16
\BOOKMARK [1][-]{appendix.C}{C Computing probabilities of the CNF model}{}% 17
\BOOKMARK [1][-]{appendix.D}{D Diffusion conditional vector fields}{}% 18
\BOOKMARK [1][-]{appendix.E}{E Implementation details}{}% 19
\BOOKMARK [2][-]{subsection.E.1}{E.1 Diffusion baselines}{appendix.E}% 20
\BOOKMARK [2][-]{subsection.E.2}{E.2 Training \046 evaluation details}{appendix.E}% 21
\BOOKMARK [1][-]{appendix.F}{F Additional tables and figures}{}% 22
