\BOOKMARK [1][-]{section.1}{Introduction}{}% 1
\BOOKMARK [2][-]{subsection.1.1}{What are the Challenges for Machine Learning?}{section.1}% 2
\BOOKMARK [2][-]{subsection.1.2}{How Do GNNs Address These Challenges?}{section.1}% 3
\BOOKMARK [2][-]{subsection.1.3}{Going Beyond Classical Algorithms}{section.1}% 4
\BOOKMARK [2][-]{subsection.1.4}{Present Work}{section.1}% 5
\BOOKMARK [2][-]{subsection.1.5}{Related Work}{section.1}% 6
\BOOKMARK [2][-]{subsection.1.6}{Outline}{section.1}% 7
\BOOKMARK [1][-]{section.2}{Preliminaries}{}% 8
\BOOKMARK [2][-]{subsection.2.1}{Notation}{section.2}% 9
\BOOKMARK [2][-]{subsection.2.2}{Combinatorial Optimization}{section.2}% 10
\BOOKMARK [2][-]{subsection.2.3}{General Optimization Frameworks: ILPs, SAT, and Constrained Problems}{section.2}% 11
\BOOKMARK [3][-]{subsubsection.2.3.1}{Integer linear programs and mixed-integer programs}{subsection.2.3}% 12
\BOOKMARK [3][-]{subsubsection.2.3.2}{SAT}{subsection.2.3}% 13
\BOOKMARK [3][-]{subsubsection.2.3.3}{Constraint satisfaction and constraint optimization problems}{subsection.2.3}% 14
\BOOKMARK [3][-]{subsubsection.2.3.4}{Solving CO problems}{subsection.2.3}% 15
\BOOKMARK [2][-]{subsection.2.4}{Machine Learning}{section.2}% 16
\BOOKMARK [2][-]{subsection.2.5}{Graph Neural Networks}{section.2}% 17
\BOOKMARK [1][-]{section.3}{GNNs for Combinatorial Optimization: The State of the Art}{}% 18
\BOOKMARK [2][-]{subsection.3.1}{On the Primal Side: Finding Feasible Solutions}{section.3}% 19
\BOOKMARK [3][-]{subsubsection.3.1.1}{Supervised Learning}{subsection.3.1}% 20
\BOOKMARK [3][-]{subsubsection.3.1.2}{Unsupervised Learning}{subsection.3.1}% 21
\BOOKMARK [3][-]{subsubsection.3.1.3}{Reinforcement Learning for Iterative Solution Construction}{subsection.3.1}% 22
\BOOKMARK [2][-]{subsection.3.2}{On the Dual Side: Proving Optimality}{section.3}% 23
\BOOKMARK [3][-]{subsubsection.3.2.1}{Integer programming}{subsection.3.2}% 24
\BOOKMARK [3][-]{subsubsection.3.2.2}{Logic solving}{subsection.3.2}% 25
\BOOKMARK [3][-]{subsubsection.3.2.3}{Constraint programming}{subsection.3.2}% 26
\BOOKMARK [3][-]{subsubsection.3.2.4}{Decision diagrams}{subsection.3.2}% 27
\BOOKMARK [2][-]{subsection.3.3}{Algorithmic Reasoning}{section.3}% 28
\BOOKMARK [3][-]{subsubsection.3.3.1}{Algorithmic alignment}{subsection.3.3}% 29
\BOOKMARK [3][-]{subsubsection.3.3.2}{Perspectives and outlooks}{subsection.3.3}% 30
\BOOKMARK [3][-]{subsubsection.3.3.3}{Reasoning on natural inputs}{subsection.3.3}% 31
\BOOKMARK [1][-]{section.4}{Limitations and Research Directions}{}% 32
\BOOKMARK [2][-]{subsection.4.1}{Limitations}{section.4}% 33
\BOOKMARK [2][-]{subsection.4.2}{Proposed New Directions}{section.4}% 34
\BOOKMARK [1][-]{section.5}{Implementation Frameworks}{}% 35
\BOOKMARK [1][-]{section.6}{Conclusions}{}% 36
